\BOOKMARK [1][-]{section.1}{Introduction}{}% 1
\BOOKMARK [2][-]{subsection.1.1}{Conceptos clave}{section.1}% 2
\BOOKMARK [3][-]{subsubsection.1.1.1}{Python}{subsection.1.1}% 3
\BOOKMARK [3][-]{subsubsection.1.1.2}{C}{subsection.1.1}% 4
\BOOKMARK [3][-]{subsubsection.1.1.3}{Numpy}{subsection.1.1}% 5
\BOOKMARK [3][-]{subsubsection.1.1.4}{matlibplot}{subsection.1.1}% 6
\BOOKMARK [3][-]{subsubsection.1.1.5}{git}{subsection.1.1}% 7
\BOOKMARK [3][-]{subsubsection.1.1.6}{gitHub}{subsection.1.1}% 8
\BOOKMARK [1][-]{section.2}{Resoluci\363n del problema}{}% 9
\BOOKMARK [2][-]{subsection.2.1}{Enunciado del ejercicio}{section.2}% 10
\BOOKMARK [2][-]{subsection.2.2}{Desarrollo del ejercicio}{section.2}% 11
\BOOKMARK [3][-]{subsubsection.2.2.1}{Control de versiones}{subsection.2.2}% 12
\BOOKMARK [3][-]{subsubsection.2.2.2}{Desarrollo del generador en Python}{subsection.2.2}% 13
\BOOKMARK [3][-]{subsubsection.2.2.3}{Esqueleto y primer m\351todo}{subsection.2.2}% 14
\BOOKMARK [3][-]{subsubsection.2.2.4}{Segundo m\351todo y comprension de la grafica objetivo}{subsection.2.2}% 15
\BOOKMARK [3][-]{subsubsection.2.2.5}{Dibujo mediante matplotlib de la comparativa}{subsection.2.2}% 16
\BOOKMARK [3][-]{subsubsection.2.2.6}{Funcion en C}{subsection.2.2}% 17
\BOOKMARK [3][-]{subsubsection.2.2.7}{Implementaci\363n del wrapper}{subsection.2.2}% 18
\BOOKMARK [3][-]{subsubsection.2.2.8}{Inclusion del 3er m\351todo en la grafica}{subsection.2.2}% 19
\BOOKMARK [3][-]{subsubsection.2.2.9}{Impresi\363n al pdf}{subsection.2.2}% 20
\BOOKMARK [3][-]{subsubsection.2.2.10}{Distribucion del proyecto}{subsection.2.2}% 21
\BOOKMARK [3][-]{subsubsection.2.2.11}{Aclaracion}{subsection.2.2}% 22
\BOOKMARK [3][-]{subsubsection.2.2.12}{README y segundo intento}{subsection.2.2}% 23
\BOOKMARK [3][-]{subsubsection.2.2.13}{\372ltimo commit/pull}{subsection.2.2}% 24
\BOOKMARK [2][-]{subsection.2.3}{Apendice}{section.2}% 25
\BOOKMARK [3][-]{subsubsection.2.3.1}{base.py}{subsection.2.3}% 26
\BOOKMARK [3][-]{subsubsection.2.3.2}{generador.py}{subsection.2.3}% 27
\BOOKMARK [3][-]{subsubsection.2.3.3}{wrapper.py}{subsection.2.3}% 28
\BOOKMARK [3][-]{subsubsection.2.3.4}{wrapper.c v1.0 \(DESCARTADA\)}{subsection.2.3}% 29
\BOOKMARK [3][-]{subsubsection.2.3.5}{wrapper.c v2.0}{subsection.2.3}% 30
\BOOKMARK [3][-]{subsubsection.2.3.6}{wrapper.h}{subsection.2.3}% 31
\BOOKMARK [3][-]{subsubsection.2.3.7}{Makefile}{subsection.2.3}% 32
\BOOKMARK [3][-]{subsubsection.2.3.8}{Imagen comparativa de los m\351todos y su eficiencia}{subsection.2.3}% 33
\BOOKMARK [1][-]{section.3}{Conclusi\363n}{}% 34
\BOOKMARK [1][-]{section*.1}{Referencias}{}% 35
\BOOKMARK [1][-]{IEEEbiography.0}{Biographies}{}% 36
\BOOKMARK [2][-]{IEEEbiography.1}{Luis S\341nchez Casanueva}{IEEEbiography.0}% 37
